INFO: latexindent version 3.8.3, 2020-11-06, a script to indent .tex files
      latexindent lives here: /usr/local/texlive/2020/texmf-dist/scripts/latexindent/
      Wed Mar 24 14:46:15 2021
      Filename: /Users/eamonma/__latexindent_temp.tex
INFO: Processing switches:
      -y|--yaml: YAML settings specified via command line
      -c|--cruft: cruft directory
INFO: Directory for backup files and /Users/eamonma/Documents/toronto/1/mat137/notes/sections//indent.log: /Users/eamonma/Documents/toronto/1/mat137/notes/sections/
INFO: YAML settings read: defaultSettings.yaml
      Reading defaultSettings.yaml from /usr/local/texlive/2020/texmf-dist/scripts/latexindent/defaultSettings.yaml
INFO: YAML settings read: indentconfig.yaml or .indentconfig.yaml
      Home directory is /Users/eamonma (didn't find either indentconfig.yaml or .indentconfig.yaml)
      To specify user settings you would put indentconfig.yaml here: /Users/eamonma/indentconfig.yaml
      Alternatively, you can use the hidden file .indentconfig.yaml as: /Users/eamonma/.indentconfig.yaml
INFO: YAML settings read: -y switch
      Updating masterSettings with defaultIndent:     
INFO: Phase 1: searching for objects
INFO: Phase 2: finding surrounding indentation
INFO: Phase 3: indenting objects
INFO: Phase 4: final indentation check
INFO: Output routine:
      Not outputting to file; see -w and -o switches for more options.
      --------------
INFO: Please direct all communication/issues to:
      https://github.com/cmhughes/latexindent.pl
